<?xml version="1.0" encoding="UTF-8"?>
<testsuite xmlns:xsi="http://www.w3.org/2001/XMLSchema-instance" xsi:noNamespaceSchemaLocation="https://maven.apache.org/surefire/maven-surefire-plugin/xsd/surefire-test-report-3.0.xsd" version="3.0" name="CorpusFormatDocumentParserTest" time="0.088" tests="3" errors="0" skipped="0" failures="0">
  <properties>
[...]
</properties>
  <testcase name="testDocumentParsing" classname="CorpusFormatDocumentParserTest" time="0.032"/>
  <testcase name="test_WrongDocumentExtensionException_thrown_when_incorrect_document_extension" classname="CorpusFormatDocumentParserTest" time="0.016"/>
  <testcase name="test_FileNotFoundException_thrown_when_file_does_not_exists" classname="CorpusFormatDocumentParserTest" time="0.002"/>
</testsuite>